<?xml version="1.0" encoding="UTF-8"?>
<!-- Generated by org.testng.reporters.JUnitXMLReporter -->
<testsuite hostname="LAPTOP-K6546IAP" ignored="0" name="Default test" tests="2" failures="0" timestamp="2020-01-13T18:36:58 CET" time="4.579" errors="0">
  <testcase name="createNewStudentSerialization" time="4.34" classname="serializationDeserialization.StudentAPITestWithSerialization"/>
  <testcase name="getStudentRecordDeserialization" time="0.16" classname="serializationDeserialization.StudentAPITestWithSerialization"/>
</testsuite> <!-- Default test -->
